23:18:14,498  INFO Version:45 - HHH000412: Hibernate Core {5.2.8.Final}
23:18:14,504  INFO Environment:213 - HHH000206: hibernate.properties not found
23:18:14,873  INFO Version:66 - HCANN000001: Hibernate Commons Annotations {5.0.1.Final}
23:18:14,902 DEBUG BasicTypeRegistry:145 - Adding type registration boolean -> org.hibernate.type.BooleanType@2f8f5f62
23:18:14,902 DEBUG BasicTypeRegistry:145 - Adding type registration boolean -> org.hibernate.type.BooleanType@2f8f5f62
23:18:14,903 DEBUG BasicTypeRegistry:145 - Adding type registration java.lang.Boolean -> org.hibernate.type.BooleanType@2f8f5f62
23:18:14,904 DEBUG BasicTypeRegistry:145 - Adding type registration numeric_boolean -> org.hibernate.type.NumericBooleanType@8b87145
23:18:14,906 DEBUG BasicTypeRegistry:145 - Adding type registration true_false -> org.hibernate.type.TrueFalseType@15bfd87
23:18:14,907 DEBUG BasicTypeRegistry:145 - Adding type registration yes_no -> org.hibernate.type.YesNoType@3d0f8e03
23:18:14,909 DEBUG BasicTypeRegistry:145 - Adding type registration byte -> org.hibernate.type.ByteType@27fe3806
23:18:14,909 DEBUG BasicTypeRegistry:145 - Adding type registration byte -> org.hibernate.type.ByteType@27fe3806
23:18:14,909 DEBUG BasicTypeRegistry:145 - Adding type registration java.lang.Byte -> org.hibernate.type.ByteType@27fe3806
23:18:14,911 DEBUG BasicTypeRegistry:145 - Adding type registration character -> org.hibernate.type.CharacterType@4f51b3e0
23:18:14,911 DEBUG BasicTypeRegistry:145 - Adding type registration char -> org.hibernate.type.CharacterType@4f51b3e0
23:18:14,912 DEBUG BasicTypeRegistry:145 - Adding type registration java.lang.Character -> org.hibernate.type.CharacterType@4f51b3e0
23:18:14,914 DEBUG BasicTypeRegistry:145 - Adding type registration short -> org.hibernate.type.ShortType@1cab0bfb
23:18:14,915 DEBUG BasicTypeRegistry:145 - Adding type registration short -> org.hibernate.type.ShortType@1cab0bfb
23:18:14,916 DEBUG BasicTypeRegistry:145 - Adding type registration java.lang.Short -> org.hibernate.type.ShortType@1cab0bfb
23:18:14,917 DEBUG BasicTypeRegistry:145 - Adding type registration integer -> org.hibernate.type.IntegerType@17695df3
23:18:14,917 DEBUG BasicTypeRegistry:145 - Adding type registration int -> org.hibernate.type.IntegerType@17695df3
23:18:14,918 DEBUG BasicTypeRegistry:145 - Adding type registration java.lang.Integer -> org.hibernate.type.IntegerType@17695df3
23:18:14,920 DEBUG BasicTypeRegistry:145 - Adding type registration long -> org.hibernate.type.LongType@530612ba
23:18:14,920 DEBUG BasicTypeRegistry:145 - Adding type registration long -> org.hibernate.type.LongType@530612ba
23:18:14,921 DEBUG BasicTypeRegistry:145 - Adding type registration java.lang.Long -> org.hibernate.type.LongType@530612ba
23:18:14,923 DEBUG BasicTypeRegistry:145 - Adding type registration float -> org.hibernate.type.FloatType@2f490758
23:18:14,924 DEBUG BasicTypeRegistry:145 - Adding type registration float -> org.hibernate.type.FloatType@2f490758
23:18:14,924 DEBUG BasicTypeRegistry:145 - Adding type registration java.lang.Float -> org.hibernate.type.FloatType@2f490758
23:18:14,926 DEBUG BasicTypeRegistry:145 - Adding type registration double -> org.hibernate.type.DoubleType@77a57272
23:18:14,926 DEBUG BasicTypeRegistry:145 - Adding type registration double -> org.hibernate.type.DoubleType@77a57272
23:18:14,926 DEBUG BasicTypeRegistry:145 - Adding type registration java.lang.Double -> org.hibernate.type.DoubleType@77a57272
23:18:14,928 DEBUG BasicTypeRegistry:145 - Adding type registration big_decimal -> org.hibernate.type.BigDecimalType@76a4d6c
23:18:14,929 DEBUG BasicTypeRegistry:145 - Adding type registration java.math.BigDecimal -> org.hibernate.type.BigDecimalType@76a4d6c
23:18:14,930 DEBUG BasicTypeRegistry:145 - Adding type registration big_integer -> org.hibernate.type.BigIntegerType@5cdd8682
23:18:14,931 DEBUG BasicTypeRegistry:145 - Adding type registration java.math.BigInteger -> org.hibernate.type.BigIntegerType@5cdd8682
23:18:14,932 DEBUG BasicTypeRegistry:145 - Adding type registration string -> org.hibernate.type.StringType@290dbf45
23:18:14,933 DEBUG BasicTypeRegistry:145 - Adding type registration java.lang.String -> org.hibernate.type.StringType@290dbf45
23:18:14,934 DEBUG BasicTypeRegistry:145 - Adding type registration nstring -> org.hibernate.type.StringNVarcharType@2bbaf4f0
23:18:14,935 DEBUG BasicTypeRegistry:145 - Adding type registration ncharacter -> org.hibernate.type.CharacterNCharType@33cb5951
23:18:14,937 DEBUG BasicTypeRegistry:145 - Adding type registration url -> org.hibernate.type.UrlType@7fad8c79
23:18:14,937 DEBUG BasicTypeRegistry:145 - Adding type registration java.net.URL -> org.hibernate.type.UrlType@7fad8c79
23:18:14,939 DEBUG BasicTypeRegistry:145 - Adding type registration Duration -> org.hibernate.type.DurationType@b59d31
23:18:14,939 DEBUG BasicTypeRegistry:145 - Adding type registration java.time.Duration -> org.hibernate.type.DurationType@b59d31
23:18:14,958 DEBUG BasicTypeRegistry:145 - Adding type registration Instant -> org.hibernate.type.InstantType@49e202ad
23:18:14,958 DEBUG BasicTypeRegistry:145 - Adding type registration java.time.Instant -> org.hibernate.type.InstantType@49e202ad
23:18:14,963 DEBUG BasicTypeRegistry:145 - Adding type registration LocalDateTime -> org.hibernate.type.LocalDateTimeType@6e38921c
23:18:14,963 DEBUG BasicTypeRegistry:145 - Adding type registration java.time.LocalDateTime -> org.hibernate.type.LocalDateTimeType@6e38921c
23:18:14,965 DEBUG BasicTypeRegistry:145 - Adding type registration LocalDate -> org.hibernate.type.LocalDateType@59717824
23:18:14,966 DEBUG BasicTypeRegistry:145 - Adding type registration java.time.LocalDate -> org.hibernate.type.LocalDateType@59717824
23:18:14,968 DEBUG BasicTypeRegistry:145 - Adding type registration LocalTime -> org.hibernate.type.LocalTimeType@646be2c3
23:18:14,968 DEBUG BasicTypeRegistry:145 - Adding type registration java.time.LocalTime -> org.hibernate.type.LocalTimeType@646be2c3
23:18:14,970 DEBUG BasicTypeRegistry:145 - Adding type registration OffsetDateTime -> org.hibernate.type.OffsetDateTimeType@62bd765
23:18:14,971 DEBUG BasicTypeRegistry:145 - Adding type registration java.time.OffsetDateTime -> org.hibernate.type.OffsetDateTimeType@62bd765
23:18:14,972 DEBUG BasicTypeRegistry:145 - Adding type registration OffsetTime -> org.hibernate.type.OffsetTimeType@58fdd99
23:18:14,973 DEBUG BasicTypeRegistry:145 - Adding type registration java.time.OffsetTime -> org.hibernate.type.OffsetTimeType@58fdd99
23:18:14,987 DEBUG BasicTypeRegistry:145 - Adding type registration ZonedDateTime -> org.hibernate.type.ZonedDateTimeType@f0f2775
23:18:14,989 DEBUG BasicTypeRegistry:145 - Adding type registration java.time.ZonedDateTime -> org.hibernate.type.ZonedDateTimeType@f0f2775
23:18:14,992 DEBUG BasicTypeRegistry:145 - Adding type registration date -> org.hibernate.type.DateType@58134517
23:18:14,992 DEBUG BasicTypeRegistry:145 - Adding type registration java.sql.Date -> org.hibernate.type.DateType@58134517
23:18:14,994 DEBUG BasicTypeRegistry:145 - Adding type registration time -> org.hibernate.type.TimeType@35fc6dc4
23:18:14,994 DEBUG BasicTypeRegistry:145 - Adding type registration java.sql.Time -> org.hibernate.type.TimeType@35fc6dc4
23:18:14,995 DEBUG BasicTypeRegistry:145 - Adding type registration timestamp -> org.hibernate.type.TimestampType@1dd92fe2
23:18:14,995 DEBUG BasicTypeRegistry:145 - Adding type registration java.sql.Timestamp -> org.hibernate.type.TimestampType@1dd92fe2
23:18:14,996 DEBUG BasicTypeRegistry:145 - Adding type registration java.util.Date -> org.hibernate.type.TimestampType@1dd92fe2
23:18:14,998 DEBUG BasicTypeRegistry:145 - Adding type registration dbtimestamp -> org.hibernate.type.DbTimestampType@1b68b9a4
23:18:15,000 DEBUG BasicTypeRegistry:145 - Adding type registration calendar -> org.hibernate.type.CalendarType@971d0d8
23:18:15,000 DEBUG BasicTypeRegistry:145 - Adding type registration java.util.Calendar -> org.hibernate.type.CalendarType@971d0d8
23:18:15,000 DEBUG BasicTypeRegistry:145 - Adding type registration java.util.GregorianCalendar -> org.hibernate.type.CalendarType@971d0d8
23:18:15,001 DEBUG BasicTypeRegistry:145 - Adding type registration calendar_date -> org.hibernate.type.CalendarDateType@564718df
23:18:15,002 DEBUG BasicTypeRegistry:145 - Adding type registration locale -> org.hibernate.type.LocaleType@6279cee3
23:18:15,003 DEBUG BasicTypeRegistry:145 - Adding type registration java.util.Locale -> org.hibernate.type.LocaleType@6279cee3
23:18:15,004 DEBUG BasicTypeRegistry:145 - Adding type registration currency -> org.hibernate.type.CurrencyType@c540f5a
23:18:15,004 DEBUG BasicTypeRegistry:145 - Adding type registration java.util.Currency -> org.hibernate.type.CurrencyType@c540f5a
23:18:15,005 DEBUG BasicTypeRegistry:145 - Adding type registration timezone -> org.hibernate.type.TimeZoneType@77e9807f
23:18:15,006 DEBUG BasicTypeRegistry:145 - Adding type registration java.util.TimeZone -> org.hibernate.type.TimeZoneType@77e9807f
23:18:15,007 DEBUG BasicTypeRegistry:145 - Adding type registration class -> org.hibernate.type.ClassType@7f9fcf7f
23:18:15,007 DEBUG BasicTypeRegistry:145 - Adding type registration java.lang.Class -> org.hibernate.type.ClassType@7f9fcf7f
23:18:15,009 DEBUG BasicTypeRegistry:145 - Adding type registration uuid-binary -> org.hibernate.type.UUIDBinaryType@41ee392b
23:18:15,010 DEBUG BasicTypeRegistry:145 - Adding type registration java.util.UUID -> org.hibernate.type.UUIDBinaryType@41ee392b
23:18:15,011 DEBUG BasicTypeRegistry:145 - Adding type registration uuid-char -> org.hibernate.type.UUIDCharType@667a738
23:18:15,012 DEBUG BasicTypeRegistry:145 - Adding type registration binary -> org.hibernate.type.BinaryType@64c87930
23:18:15,013 DEBUG BasicTypeRegistry:145 - Adding type registration byte[] -> org.hibernate.type.BinaryType@64c87930
23:18:15,013 DEBUG BasicTypeRegistry:145 - Adding type registration [B -> org.hibernate.type.BinaryType@64c87930
23:18:15,014 DEBUG BasicTypeRegistry:145 - Adding type registration wrapper-binary -> org.hibernate.type.WrapperBinaryType@52aa2946
23:18:15,014 DEBUG BasicTypeRegistry:145 - Adding type registration Byte[] -> org.hibernate.type.WrapperBinaryType@52aa2946
23:18:15,014 DEBUG BasicTypeRegistry:145 - Adding type registration [Ljava.lang.Byte; -> org.hibernate.type.WrapperBinaryType@52aa2946
23:18:15,016 DEBUG BasicTypeRegistry:145 - Adding type registration row_version -> org.hibernate.type.RowVersionType@3bbc39f8
23:18:15,018 DEBUG BasicTypeRegistry:145 - Adding type registration image -> org.hibernate.type.ImageType@589b3632
23:18:15,025 DEBUG BasicTypeRegistry:145 - Adding type registration characters -> org.hibernate.type.CharArrayType@35083305
23:18:15,025 DEBUG BasicTypeRegistry:145 - Adding type registration char[] -> org.hibernate.type.CharArrayType@35083305
23:18:15,026 DEBUG BasicTypeRegistry:145 - Adding type registration [C -> org.hibernate.type.CharArrayType@35083305
23:18:15,027 DEBUG BasicTypeRegistry:145 - Adding type registration wrapper-characters -> org.hibernate.type.CharacterArrayType@2890c451
23:18:15,027 DEBUG BasicTypeRegistry:145 - Adding type registration [Ljava.lang.Character; -> org.hibernate.type.CharacterArrayType@2890c451
23:18:15,028 DEBUG BasicTypeRegistry:145 - Adding type registration Character[] -> org.hibernate.type.CharacterArrayType@2890c451
23:18:15,029 DEBUG BasicTypeRegistry:145 - Adding type registration text -> org.hibernate.type.TextType@482cd91f
23:18:15,030 DEBUG BasicTypeRegistry:145 - Adding type registration ntext -> org.hibernate.type.NTextType@1f1c7bf6
23:18:15,034 DEBUG BasicTypeRegistry:145 - Adding type registration blob -> org.hibernate.type.BlobType@161b062a
23:18:15,035 DEBUG BasicTypeRegistry:145 - Adding type registration java.sql.Blob -> org.hibernate.type.BlobType@161b062a
23:18:15,035 DEBUG BasicTypeRegistry:145 - Adding type registration materialized_blob -> org.hibernate.type.MaterializedBlobType@4034c28c
23:18:15,040 DEBUG BasicTypeRegistry:145 - Adding type registration clob -> org.hibernate.type.ClobType@657c8ad9
23:18:15,040 DEBUG BasicTypeRegistry:145 - Adding type registration java.sql.Clob -> org.hibernate.type.ClobType@657c8ad9
23:18:15,044 DEBUG BasicTypeRegistry:145 - Adding type registration nclob -> org.hibernate.type.NClobType@45dd4eda
23:18:15,044 DEBUG BasicTypeRegistry:145 - Adding type registration java.sql.NClob -> org.hibernate.type.NClobType@45dd4eda
23:18:15,045 DEBUG BasicTypeRegistry:145 - Adding type registration materialized_clob -> org.hibernate.type.MaterializedClobType@5e4c8041
23:18:15,045 DEBUG BasicTypeRegistry:145 - Adding type registration materialized_nclob -> org.hibernate.type.MaterializedNClobType@1a0dcaa
23:18:15,047 DEBUG BasicTypeRegistry:145 - Adding type registration serializable -> org.hibernate.type.SerializableType@7a52f2a2
23:18:15,050 DEBUG BasicTypeRegistry:145 - Adding type registration object -> org.hibernate.type.ObjectType@7ea37dbf
23:18:15,050 DEBUG BasicTypeRegistry:145 - Adding type registration java.lang.Object -> org.hibernate.type.ObjectType@7ea37dbf
23:18:15,051 DEBUG BasicTypeRegistry:145 - Adding type registration imm_date -> org.hibernate.type.AdaptedImmutableType@1d76aeea
23:18:15,051 DEBUG BasicTypeRegistry:145 - Adding type registration imm_time -> org.hibernate.type.AdaptedImmutableType@78dd667e
23:18:15,051 DEBUG BasicTypeRegistry:145 - Adding type registration imm_timestamp -> org.hibernate.type.AdaptedImmutableType@10db82ae
23:18:15,052 DEBUG BasicTypeRegistry:145 - Adding type registration imm_dbtimestamp -> org.hibernate.type.AdaptedImmutableType@501edcf1
23:18:15,052 DEBUG BasicTypeRegistry:145 - Adding type registration imm_calendar -> org.hibernate.type.AdaptedImmutableType@78b729e6
23:18:15,052 DEBUG BasicTypeRegistry:145 - Adding type registration imm_calendar_date -> org.hibernate.type.AdaptedImmutableType@6b4a4e18
23:18:15,052 DEBUG BasicTypeRegistry:145 - Adding type registration imm_binary -> org.hibernate.type.AdaptedImmutableType@27c86f2d
23:18:15,052 DEBUG BasicTypeRegistry:145 - Adding type registration imm_serializable -> org.hibernate.type.AdaptedImmutableType@197d671
23:18:15,062  WARN pooling:70 - HHH10001002: Using Hibernate built-in connection pool (not for production use!)
23:18:15,177  INFO pooling:126 - HHH10001005: using driver [com.mysql.jdbc.Driver] at URL [jdbc:mysql://localhost:3306/orphane]
23:18:15,178  INFO pooling:135 - HHH10001001: Connection properties: {user=root, password=****}
23:18:15,183  INFO pooling:140 - HHH10001003: Autocommit mode: false
23:18:15,190  INFO DriverManagerConnectionProviderImpl:41 - HHH000115: Hibernate connection pool size: 20 (min=1)
23:18:15,462  INFO Dialect:157 - HHH000400: Using dialect: org.hibernate.dialect.MySQL57InnoDBDialect
23:18:15,500  INFO LobCreatorBuilderImpl:98 - HHH000423: Disabling contextual LOB creation as JDBC driver reported JDBC version [3] less than 4
23:18:16,226  WARN ConfigurationFactory:136 - No configuration found. Configuring ehcache from ehcache-failsafe.xml  found in the classpath: jar:file:/G:/Product%20Java/Jars/Hibernate/optional/ehcache/ehcache-2.10.3.jar!/ehcache-failsafe.xml
23:18:16,440  WARN AbstractEhcacheRegionFactory:160 - HHH020003: Could not find a specific ehcache configuration for cache named [org.hibernate.cache.spi.UpdateTimestampsCache]; using defaults.
23:18:16,586  INFO UpdateTimestampsCache:48 - HHH000250: Starting update timestamps cache at region: org.hibernate.cache.spi.UpdateTimestampsCache
23:18:16,589  WARN AbstractEhcacheRegionFactory:160 - HHH020003: Could not find a specific ehcache configuration for cache named [org.hibernate.cache.internal.StandardQueryCache]; using defaults.
23:18:16,610  INFO StandardQueryCache:81 - HHH000248: Starting query cache at region: org.hibernate.cache.internal.StandardQueryCache
23:18:16,622 TRACE TypeFactory:58 - Scoping types to session factory org.hibernate.internal.SessionFactoryImpl@320de594
23:18:17,139  INFO access:47 - HHH10001501: Connection obtained from JdbcConnectionAccess [org.hibernate.engine.jdbc.env.internal.JdbcEnvironmentInitiator$ConnectionProviderJdbcConnectionAccess@52d10fb8] for (non-JTA) DDL execution was not in auto-commit mode; the Connection 'local transaction' will be committed and the Connection will be set into auto-commit mode.
23:18:28,795  INFO pooling:230 - HHH10001008: Cleaning up connection pool [jdbc:mysql://localhost:3306/orphane]
13:59:34,811  INFO Version:45 - HHH000412: Hibernate Core {5.2.8.Final}
13:59:34,851  INFO Environment:213 - HHH000206: hibernate.properties not found
13:59:36,022  INFO Version:66 - HCANN000001: Hibernate Commons Annotations {5.0.1.Final}
13:59:36,145 DEBUG BasicTypeRegistry:145 - Adding type registration boolean -> org.hibernate.type.BooleanType@2c435098
13:59:36,145 DEBUG BasicTypeRegistry:145 - Adding type registration boolean -> org.hibernate.type.BooleanType@2c435098
13:59:36,146 DEBUG BasicTypeRegistry:145 - Adding type registration java.lang.Boolean -> org.hibernate.type.BooleanType@2c435098
13:59:36,150 DEBUG BasicTypeRegistry:145 - Adding type registration numeric_boolean -> org.hibernate.type.NumericBooleanType@74af965e
13:59:36,154 DEBUG BasicTypeRegistry:145 - Adding type registration true_false -> org.hibernate.type.TrueFalseType@69448111
13:59:36,156 DEBUG BasicTypeRegistry:145 - Adding type registration yes_no -> org.hibernate.type.YesNoType@43f5b545
13:59:36,159 DEBUG BasicTypeRegistry:145 - Adding type registration byte -> org.hibernate.type.ByteType@2cc63e90
13:59:36,160 DEBUG BasicTypeRegistry:145 - Adding type registration byte -> org.hibernate.type.ByteType@2cc63e90
13:59:36,160 DEBUG BasicTypeRegistry:145 - Adding type registration java.lang.Byte -> org.hibernate.type.ByteType@2cc63e90
13:59:36,163 DEBUG BasicTypeRegistry:145 - Adding type registration character -> org.hibernate.type.CharacterType@5ae11071
13:59:36,164 DEBUG BasicTypeRegistry:145 - Adding type registration char -> org.hibernate.type.CharacterType@5ae11071
13:59:36,164 DEBUG BasicTypeRegistry:145 - Adding type registration java.lang.Character -> org.hibernate.type.CharacterType@5ae11071
13:59:36,170 DEBUG BasicTypeRegistry:145 - Adding type registration short -> org.hibernate.type.ShortType@1f79d443
13:59:36,171 DEBUG BasicTypeRegistry:145 - Adding type registration short -> org.hibernate.type.ShortType@1f79d443
13:59:36,172 DEBUG BasicTypeRegistry:145 - Adding type registration java.lang.Short -> org.hibernate.type.ShortType@1f79d443
13:59:36,175 DEBUG BasicTypeRegistry:145 - Adding type registration integer -> org.hibernate.type.IntegerType@6deda3fc
13:59:36,175 DEBUG BasicTypeRegistry:145 - Adding type registration int -> org.hibernate.type.IntegerType@6deda3fc
13:59:36,175 DEBUG BasicTypeRegistry:145 - Adding type registration java.lang.Integer -> org.hibernate.type.IntegerType@6deda3fc
13:59:36,181 DEBUG BasicTypeRegistry:145 - Adding type registration long -> org.hibernate.type.LongType@6144c883
13:59:36,181 DEBUG BasicTypeRegistry:145 - Adding type registration long -> org.hibernate.type.LongType@6144c883
13:59:36,181 DEBUG BasicTypeRegistry:145 - Adding type registration java.lang.Long -> org.hibernate.type.LongType@6144c883
13:59:36,186 DEBUG BasicTypeRegistry:145 - Adding type registration float -> org.hibernate.type.FloatType@2c001a26
13:59:36,187 DEBUG BasicTypeRegistry:145 - Adding type registration float -> org.hibernate.type.FloatType@2c001a26
13:59:36,187 DEBUG BasicTypeRegistry:145 - Adding type registration java.lang.Float -> org.hibernate.type.FloatType@2c001a26
13:59:36,192 DEBUG BasicTypeRegistry:145 - Adding type registration double -> org.hibernate.type.DoubleType@20530564
13:59:36,193 DEBUG BasicTypeRegistry:145 - Adding type registration double -> org.hibernate.type.DoubleType@20530564
13:59:36,193 DEBUG BasicTypeRegistry:145 - Adding type registration java.lang.Double -> org.hibernate.type.DoubleType@20530564
13:59:36,200 DEBUG BasicTypeRegistry:145 - Adding type registration big_decimal -> org.hibernate.type.BigDecimalType@7d6b755c
13:59:36,200 DEBUG BasicTypeRegistry:145 - Adding type registration java.math.BigDecimal -> org.hibernate.type.BigDecimalType@7d6b755c
13:59:36,204 DEBUG BasicTypeRegistry:145 - Adding type registration big_integer -> org.hibernate.type.BigIntegerType@42a3073f
13:59:36,204 DEBUG BasicTypeRegistry:145 - Adding type registration java.math.BigInteger -> org.hibernate.type.BigIntegerType@42a3073f
13:59:36,208 DEBUG BasicTypeRegistry:145 - Adding type registration string -> org.hibernate.type.StringType@70473246
13:59:36,208 DEBUG BasicTypeRegistry:145 - Adding type registration java.lang.String -> org.hibernate.type.StringType@70473246
13:59:36,212 DEBUG BasicTypeRegistry:145 - Adding type registration nstring -> org.hibernate.type.StringNVarcharType@27bfd
13:59:36,214 DEBUG BasicTypeRegistry:145 - Adding type registration ncharacter -> org.hibernate.type.CharacterNCharType@756f6e7f
13:59:36,217 DEBUG BasicTypeRegistry:145 - Adding type registration url -> org.hibernate.type.UrlType@55527ccb
13:59:36,217 DEBUG BasicTypeRegistry:145 - Adding type registration java.net.URL -> org.hibernate.type.UrlType@55527ccb
13:59:36,222 DEBUG BasicTypeRegistry:145 - Adding type registration Duration -> org.hibernate.type.DurationType@5490e854
13:59:36,222 DEBUG BasicTypeRegistry:145 - Adding type registration java.time.Duration -> org.hibernate.type.DurationType@5490e854
13:59:36,326 DEBUG BasicTypeRegistry:145 - Adding type registration Instant -> org.hibernate.type.InstantType@1a6a1acb
13:59:36,327 DEBUG BasicTypeRegistry:145 - Adding type registration java.time.Instant -> org.hibernate.type.InstantType@1a6a1acb
13:59:36,336 DEBUG BasicTypeRegistry:145 - Adding type registration LocalDateTime -> org.hibernate.type.LocalDateTimeType@4f57c983
13:59:36,336 DEBUG BasicTypeRegistry:145 - Adding type registration java.time.LocalDateTime -> org.hibernate.type.LocalDateTimeType@4f57c983
13:59:36,346 DEBUG BasicTypeRegistry:145 - Adding type registration LocalDate -> org.hibernate.type.LocalDateType@5ced94aa
13:59:36,346 DEBUG BasicTypeRegistry:145 - Adding type registration java.time.LocalDate -> org.hibernate.type.LocalDateType@5ced94aa
13:59:36,355 DEBUG BasicTypeRegistry:145 - Adding type registration LocalTime -> org.hibernate.type.LocalTimeType@1b84d128
13:59:36,355 DEBUG BasicTypeRegistry:145 - Adding type registration java.time.LocalTime -> org.hibernate.type.LocalTimeType@1b84d128
13:59:36,360 DEBUG BasicTypeRegistry:145 - Adding type registration OffsetDateTime -> org.hibernate.type.OffsetDateTimeType@24d29eb5
13:59:36,361 DEBUG BasicTypeRegistry:145 - Adding type registration java.time.OffsetDateTime -> org.hibernate.type.OffsetDateTimeType@24d29eb5
13:59:36,368 DEBUG BasicTypeRegistry:145 - Adding type registration OffsetTime -> org.hibernate.type.OffsetTimeType@6306fa10
13:59:36,368 DEBUG BasicTypeRegistry:145 - Adding type registration java.time.OffsetTime -> org.hibernate.type.OffsetTimeType@6306fa10
13:59:36,379 DEBUG BasicTypeRegistry:145 - Adding type registration ZonedDateTime -> org.hibernate.type.ZonedDateTimeType@55cfa634
13:59:36,380 DEBUG BasicTypeRegistry:145 - Adding type registration java.time.ZonedDateTime -> org.hibernate.type.ZonedDateTimeType@55cfa634
13:59:36,387 DEBUG BasicTypeRegistry:145 - Adding type registration date -> org.hibernate.type.DateType@5f476a71
13:59:36,387 DEBUG BasicTypeRegistry:145 - Adding type registration java.sql.Date -> org.hibernate.type.DateType@5f476a71
13:59:36,392 DEBUG BasicTypeRegistry:145 - Adding type registration time -> org.hibernate.type.TimeType@28f4fed3
13:59:36,392 DEBUG BasicTypeRegistry:145 - Adding type registration java.sql.Time -> org.hibernate.type.TimeType@28f4fed3
13:59:36,396 DEBUG BasicTypeRegistry:145 - Adding type registration timestamp -> org.hibernate.type.TimestampType@4b286e28
13:59:36,397 DEBUG BasicTypeRegistry:145 - Adding type registration java.sql.Timestamp -> org.hibernate.type.TimestampType@4b286e28
13:59:36,397 DEBUG BasicTypeRegistry:145 - Adding type registration java.util.Date -> org.hibernate.type.TimestampType@4b286e28
13:59:36,405 DEBUG BasicTypeRegistry:145 - Adding type registration dbtimestamp -> org.hibernate.type.DbTimestampType@ed7e8e2
13:59:36,456 DEBUG BasicTypeRegistry:145 - Adding type registration calendar -> org.hibernate.type.CalendarType@3e43b78
13:59:36,457 DEBUG BasicTypeRegistry:145 - Adding type registration java.util.Calendar -> org.hibernate.type.CalendarType@3e43b78
13:59:36,457 DEBUG BasicTypeRegistry:145 - Adding type registration java.util.GregorianCalendar -> org.hibernate.type.CalendarType@3e43b78
13:59:36,460 DEBUG BasicTypeRegistry:145 - Adding type registration calendar_date -> org.hibernate.type.CalendarDateType@5f6c5cad
13:59:36,464 DEBUG BasicTypeRegistry:145 - Adding type registration locale -> org.hibernate.type.LocaleType@27add6a0
13:59:36,465 DEBUG BasicTypeRegistry:145 - Adding type registration java.util.Locale -> org.hibernate.type.LocaleType@27add6a0
13:59:36,473 DEBUG BasicTypeRegistry:145 - Adding type registration currency -> org.hibernate.type.CurrencyType@7ccf4039
13:59:36,473 DEBUG BasicTypeRegistry:145 - Adding type registration java.util.Currency -> org.hibernate.type.CurrencyType@7ccf4039
13:59:36,477 DEBUG BasicTypeRegistry:145 - Adding type registration timezone -> org.hibernate.type.TimeZoneType@d62046c
13:59:36,477 DEBUG BasicTypeRegistry:145 - Adding type registration java.util.TimeZone -> org.hibernate.type.TimeZoneType@d62046c
13:59:36,482 DEBUG BasicTypeRegistry:145 - Adding type registration class -> org.hibernate.type.ClassType@70e72f14
13:59:36,483 DEBUG BasicTypeRegistry:145 - Adding type registration java.lang.Class -> org.hibernate.type.ClassType@70e72f14
13:59:36,492 DEBUG BasicTypeRegistry:145 - Adding type registration uuid-binary -> org.hibernate.type.UUIDBinaryType@33a7724a
13:59:36,493 DEBUG BasicTypeRegistry:145 - Adding type registration java.util.UUID -> org.hibernate.type.UUIDBinaryType@33a7724a
13:59:36,495 DEBUG BasicTypeRegistry:145 - Adding type registration uuid-char -> org.hibernate.type.UUIDCharType@1d74ab15
13:59:36,503 DEBUG BasicTypeRegistry:145 - Adding type registration binary -> org.hibernate.type.BinaryType@186052eb
13:59:36,504 DEBUG BasicTypeRegistry:145 - Adding type registration byte[] -> org.hibernate.type.BinaryType@186052eb
13:59:36,504 DEBUG BasicTypeRegistry:145 - Adding type registration [B -> org.hibernate.type.BinaryType@186052eb
13:59:36,508 DEBUG BasicTypeRegistry:145 - Adding type registration wrapper-binary -> org.hibernate.type.WrapperBinaryType@402ca17b
13:59:36,509 DEBUG BasicTypeRegistry:145 - Adding type registration Byte[] -> org.hibernate.type.WrapperBinaryType@402ca17b
13:59:36,509 DEBUG BasicTypeRegistry:145 - Adding type registration [Ljava.lang.Byte; -> org.hibernate.type.WrapperBinaryType@402ca17b
13:59:36,513 DEBUG BasicTypeRegistry:145 - Adding type registration row_version -> org.hibernate.type.RowVersionType@3cdbb46f
13:59:36,518 DEBUG BasicTypeRegistry:145 - Adding type registration image -> org.hibernate.type.ImageType@798c0fcf
13:59:36,522 DEBUG BasicTypeRegistry:145 - Adding type registration characters -> org.hibernate.type.CharArrayType@45177f19
13:59:36,523 DEBUG BasicTypeRegistry:145 - Adding type registration char[] -> org.hibernate.type.CharArrayType@45177f19
13:59:36,524 DEBUG BasicTypeRegistry:145 - Adding type registration [C -> org.hibernate.type.CharArrayType@45177f19
13:59:36,530 DEBUG BasicTypeRegistry:145 - Adding type registration wrapper-characters -> org.hibernate.type.CharacterArrayType@20f92e34
13:59:36,531 DEBUG BasicTypeRegistry:145 - Adding type registration [Ljava.lang.Character; -> org.hibernate.type.CharacterArrayType@20f92e34
13:59:36,531 DEBUG BasicTypeRegistry:145 - Adding type registration Character[] -> org.hibernate.type.CharacterArrayType@20f92e34
13:59:36,536 DEBUG BasicTypeRegistry:145 - Adding type registration text -> org.hibernate.type.TextType@3e42316e
13:59:36,541 DEBUG BasicTypeRegistry:145 - Adding type registration ntext -> org.hibernate.type.NTextType@5055a5c1
13:59:36,564 DEBUG BasicTypeRegistry:145 - Adding type registration blob -> org.hibernate.type.BlobType@2a8492ad
13:59:36,566 DEBUG BasicTypeRegistry:145 - Adding type registration java.sql.Blob -> org.hibernate.type.BlobType@2a8492ad
13:59:36,569 DEBUG BasicTypeRegistry:145 - Adding type registration materialized_blob -> org.hibernate.type.MaterializedBlobType@1562ffcc
13:59:36,589 DEBUG BasicTypeRegistry:145 - Adding type registration clob -> org.hibernate.type.ClobType@5c87d449
13:59:36,589 DEBUG BasicTypeRegistry:145 - Adding type registration java.sql.Clob -> org.hibernate.type.ClobType@5c87d449
13:59:36,605 DEBUG BasicTypeRegistry:145 - Adding type registration nclob -> org.hibernate.type.NClobType@3dbf34e0
13:59:36,606 DEBUG BasicTypeRegistry:145 - Adding type registration java.sql.NClob -> org.hibernate.type.NClobType@3dbf34e0
13:59:36,608 DEBUG BasicTypeRegistry:145 - Adding type registration materialized_clob -> org.hibernate.type.MaterializedClobType@1d25859c
13:59:36,609 DEBUG BasicTypeRegistry:145 - Adding type registration materialized_nclob -> org.hibernate.type.MaterializedNClobType@793821b3
13:59:36,618 DEBUG BasicTypeRegistry:145 - Adding type registration serializable -> org.hibernate.type.SerializableType@136246d7
13:59:36,640 DEBUG BasicTypeRegistry:145 - Adding type registration object -> org.hibernate.type.ObjectType@5ca7ff36
13:59:36,640 DEBUG BasicTypeRegistry:145 - Adding type registration java.lang.Object -> org.hibernate.type.ObjectType@5ca7ff36
13:59:36,642 DEBUG BasicTypeRegistry:145 - Adding type registration imm_date -> org.hibernate.type.AdaptedImmutableType@4e4c5c44
13:59:36,644 DEBUG BasicTypeRegistry:145 - Adding type registration imm_time -> org.hibernate.type.AdaptedImmutableType@2df154f4
13:59:36,645 DEBUG BasicTypeRegistry:145 - Adding type registration imm_timestamp -> org.hibernate.type.AdaptedImmutableType@3bb069ed
13:59:36,646 DEBUG BasicTypeRegistry:145 - Adding type registration imm_dbtimestamp -> org.hibernate.type.AdaptedImmutableType@2dbadf35
13:59:36,646 DEBUG BasicTypeRegistry:145 - Adding type registration imm_calendar -> org.hibernate.type.AdaptedImmutableType@1b808ba
13:59:36,647 DEBUG BasicTypeRegistry:145 - Adding type registration imm_calendar_date -> org.hibernate.type.AdaptedImmutableType@2649ba8d
13:59:36,649 DEBUG BasicTypeRegistry:145 - Adding type registration imm_binary -> org.hibernate.type.AdaptedImmutableType@1e8e40a8
13:59:36,650 DEBUG BasicTypeRegistry:145 - Adding type registration imm_serializable -> org.hibernate.type.AdaptedImmutableType@6536773b
13:59:36,721  WARN pooling:70 - HHH10001002: Using Hibernate built-in connection pool (not for production use!)
13:59:36,731  INFO pooling:126 - HHH10001005: using driver [com.mysql.jdbc.Driver] at URL [jdbc:mysql://localhost:3306/orphane]
13:59:36,732  INFO pooling:135 - HHH10001001: Connection properties: {user=root, password=****}
13:59:36,732  INFO pooling:140 - HHH10001003: Autocommit mode: false
13:59:36,746  INFO DriverManagerConnectionProviderImpl:41 - HHH000115: Hibernate connection pool size: 20 (min=1)
13:59:37,195  INFO Dialect:157 - HHH000400: Using dialect: org.hibernate.dialect.MySQL57InnoDBDialect
13:59:37,305  INFO LobCreatorBuilderImpl:98 - HHH000423: Disabling contextual LOB creation as JDBC driver reported JDBC version [3] less than 4
13:59:39,285  WARN ConfigurationFactory:136 - No configuration found. Configuring ehcache from ehcache-failsafe.xml  found in the classpath: jar:file:/G:/Product%20Java/Java%20Tasks/.metadata/.plugins/org.eclipse.wst.server.core/tmp0/wtpwebapps/Orphane/WEB-INF/lib/ehcache-2.10.3.jar!/ehcache-failsafe.xml
13:59:39,572  WARN AbstractEhcacheRegionFactory:160 - HHH020003: Could not find a specific ehcache configuration for cache named [org.hibernate.cache.spi.UpdateTimestampsCache]; using defaults.
13:59:39,748  INFO UpdateTimestampsCache:48 - HHH000250: Starting update timestamps cache at region: org.hibernate.cache.spi.UpdateTimestampsCache
13:59:39,752  WARN AbstractEhcacheRegionFactory:160 - HHH020003: Could not find a specific ehcache configuration for cache named [org.hibernate.cache.internal.StandardQueryCache]; using defaults.
13:59:39,769  INFO StandardQueryCache:81 - HHH000248: Starting query cache at region: org.hibernate.cache.internal.StandardQueryCache
13:59:39,796 TRACE TypeFactory:58 - Scoping types to session factory org.hibernate.internal.SessionFactoryImpl@a9a77c3
13:59:40,599  INFO access:47 - HHH10001501: Connection obtained from JdbcConnectionAccess [org.hibernate.engine.jdbc.env.internal.JdbcEnvironmentInitiator$ConnectionProviderJdbcConnectionAccess@5f3775f0] for (non-JTA) DDL execution was not in auto-commit mode; the Connection 'local transaction' will be committed and the Connection will be set into auto-commit mode.
13:59:55,583 TRACE BasicBinder:65 - binding parameter [1] as [VARCHAR] - [7RPJ79EIWABIUU5RYP58AS9UDZGLSJ]
13:59:55,584 TRACE BasicBinder:65 - binding parameter [2] as [VARCHAR] - [chan7799]
13:59:55,584 TRACE EnumType:321 - Binding [NOT_ACTIVATED] to parameter: [3]
13:59:55,585 TRACE EnumType:321 - Binding [ORPHANAGE] to parameter: [4]
13:59:55,585 TRACE BasicBinder:65 - binding parameter [5] as [VARCHAR] - [chandruadi5@gmail.com]
13:59:55,746  INFO pooling:230 - HHH10001008: Cleaning up connection pool [jdbc:mysql://localhost:3306/orphane]
